<?xml version="1.0" encoding="UTF-8"?>
<!-- Generated by org.testng.reporters.JUnitReportReporter -->
<testsuite skipped="0" hostname="VIKRAM-VIJAY-KADAM" name="vikram.RestAssuredAPI.VVK004_GET_Request_Google_Map_API_To_Printing_All_Headers" tests="1" failures="0" timestamp="24 Apr 2021 15:25:00 GMT" time="0.851" errors="0">
  <testcase name="googleMapTest" time="0.851" classname="vikram.RestAssuredAPI.VVK004_GET_Request_Google_Map_API_To_Printing_All_Headers"/>
</testsuite> <!-- vikram.RestAssuredAPI.VVK004_GET_Request_Google_Map_API_To_Printing_All_Headers -->
