<?xml version="1.0" encoding="UTF-8"?>
<!-- Generated by org.testng.reporters.JUnitReportReporter -->
<testsuite skipped="0" hostname="VIKRAM-VIJAY-KADAM" name="vikram.RestAssuredAPI.VVK002_POST_Request" tests="1" failures="0" timestamp="18 Apr 2021 15:02:08 GMT" time="1.724" errors="0">
  <testcase name="RegistrationSuccessful" time="1.724" classname="vikram.RestAssuredAPI.VVK002_POST_Request"/>
</testsuite> <!-- vikram.RestAssuredAPI.VVK002_POST_Request -->
