<?xml version="1.0" encoding="UTF-8"?>
<!-- Generated by org.testng.reporters.JUnitReportReporter -->
<testsuite skipped="0" hostname="VIKRAM-VIJAY-KADAM" name="vikram.RestAssuredAPI.VVK07_GET_Request_Autherization" tests="1" failures="0" timestamp="23 Apr 2021 04:59:39 GMT" time="2.975" errors="0">
  <testcase name="AutherizationTest" time="2.975" classname="vikram.RestAssuredAPI.VVK07_GET_Request_Autherization"/>
</testsuite> <!-- vikram.RestAssuredAPI.VVK07_GET_Request_Autherization -->
