<?xml version="1.0" encoding="UTF-8"?>
<!-- Generated by org.testng.reporters.JUnitReportReporter -->
<testsuite skipped="0" hostname="VIKRAM-VIJAY-KADAM" name="vikram.RestAssuredAPI.VVK01_GET_Request" tests="1" failures="0" timestamp="17 Apr 2021 13:54:19 GMT" time="2.979" errors="0">
  <testcase name="getweatherDetails" time="2.979" classname="vikram.RestAssuredAPI.VVK01_GET_Request"/>
</testsuite> <!-- vikram.RestAssuredAPI.VVK01_GET_Request -->
