<?xml version="1.0" encoding="UTF-8"?>
<!-- Generated by org.testng.reporters.JUnitReportReporter -->
<testsuite skipped="0" hostname="VIKRAM-VIJAY-KADAM" name="vikram.RestAssuredAPI.VVK006_GET_Request_Weather_API_To_Extract_Values_of_Each_Node" tests="1" failures="0" timestamp="22 Apr 2021 17:15:30 GMT" time="4.689" errors="0">
  <testcase name="getweatherDetails" time="4.689" classname="vikram.RestAssuredAPI.VVK006_GET_Request_Weather_API_To_Extract_Values_of_Each_Node"/>
</testsuite> <!-- vikram.RestAssuredAPI.VVK006_GET_Request_Weather_API_To_Extract_Values_of_Each_Node -->
