<?xml version="1.0" encoding="UTF-8"?>
<!-- Generated by org.testng.reporters.JUnitReportReporter -->
<testsuite skipped="0" hostname="VIKRAM-VIJAY-KADAM" name="vikram.RestAssuredAPI.VVK002_POST_Request_Register_Customer_API" tests="1" failures="0" timestamp="24 Apr 2021 15:25:00 GMT" time="2.982" errors="0">
  <testcase name="RegistrationSuccessful" time="2.982" classname="vikram.RestAssuredAPI.VVK002_POST_Request_Register_Customer_API"/>
</testsuite> <!-- vikram.RestAssuredAPI.VVK002_POST_Request_Register_Customer_API -->
