<?xml version="1.0" encoding="UTF-8"?>
<!-- Generated by org.testng.reporters.JUnitReportReporter -->
<testsuite skipped="0" hostname="VIKRAM-VIJAY-KADAM" name="vikram.RestAssuredAPI.VVK02_POST_Request" tests="1" failures="0" timestamp="18 Apr 2021 13:56:57 GMT" time="4.210" errors="0">
  <testcase name="RegistrationSuccessful" time="4.210" classname="vikram.RestAssuredAPI.VVK02_POST_Request"/>
</testsuite> <!-- vikram.RestAssuredAPI.VVK02_POST_Request -->
