<?xml version="1.0" encoding="UTF-8"?>
<!-- Generated by org.testng.reporters.JUnitReportReporter -->
<testsuite skipped="0" hostname="VIKRAM-VIJAY-KADAM" name="vikram.RestAssuredAPI.VVK02_GET_Request2" tests="1" failures="0" timestamp="17 Apr 2021 14:50:10 GMT" time="3.645" errors="0">
  <testcase name="RegistrationSuccessful" time="3.645" classname="vikram.RestAssuredAPI.VVK02_GET_Request2"/>
</testsuite> <!-- vikram.RestAssuredAPI.VVK02_GET_Request2 -->
