<?xml version="1.0" encoding="UTF-8"?>
<!-- Generated by org.testng.reporters.JUnitReportReporter -->
<testsuite skipped="0" hostname="VIKRAM-VIJAY-KADAM" name="vikram.RestAssuredAPI.VVK001_GET_Request_Weather_API_To_Validate_status_code_And_Status_line" tests="1" failures="0" timestamp="24 Apr 2021 15:25:00 GMT" time="2.707" errors="0">
  <testcase name="getweatherDetails" time="2.707" classname="vikram.RestAssuredAPI.VVK001_GET_Request_Weather_API_To_Validate_status_code_And_Status_line"/>
</testsuite> <!-- vikram.RestAssuredAPI.VVK001_GET_Request_Weather_API_To_Validate_status_code_And_Status_line -->
