<?xml version="1.0" encoding="UTF-8"?>
<!-- Generated by org.testng.reporters.JUnitReportReporter -->
<testsuite skipped="0" hostname="VIKRAM-VIJAY-KADAM" name="vikram.RestAssuredAPI.VVK001_GET_Request" tests="1" failures="0" timestamp="18 Apr 2021 15:02:08 GMT" time="2.881" errors="0">
  <testcase name="getweatherDetails" time="2.881" classname="vikram.RestAssuredAPI.VVK001_GET_Request"/>
</testsuite> <!-- vikram.RestAssuredAPI.VVK001_GET_Request -->
