<?xml version="1.0" encoding="UTF-8"?>
<!-- Generated by org.testng.reporters.JUnitReportReporter -->
<testsuite skipped="0" hostname="VIKRAM-VIJAY-KADAM" name="vikram.RestAssuredAPI.VVK005_GET_Request_Weather_API_To_Validate_JSON_Response_body" tests="1" failures="0" timestamp="22 Apr 2021 17:29:45 GMT" time="3.234" errors="0">
  <testcase name="getweatherDetails" time="3.234" classname="vikram.RestAssuredAPI.VVK005_GET_Request_Weather_API_To_Validate_JSON_Response_body"/>
</testsuite> <!-- vikram.RestAssuredAPI.VVK005_GET_Request_Weather_API_To_Validate_JSON_Response_body -->
