<?xml version="1.0" encoding="UTF-8"?>
<!-- Generated by org.testng.reporters.JUnitReportReporter -->
<testsuite skipped="0" hostname="VIKRAM-VIJAY-KADAM" name="vikram.RestAssuredAPI.VVK005_GET_Request" tests="1" failures="0" timestamp="22 Apr 2021 16:30:51 GMT" time="3.753" errors="0">
  <testcase name="getweatherDetails" time="3.753" classname="vikram.RestAssuredAPI.VVK005_GET_Request"/>
</testsuite> <!-- vikram.RestAssuredAPI.VVK005_GET_Request -->
