<?xml version="1.0" encoding="UTF-8"?>
<!-- Generated by org.testng.reporters.JUnitReportReporter -->
<testsuite skipped="0" hostname="VIKRAM-VIJAY-KADAM" name="vikram.RestAssuredAPI.VVK005_GET_Request_Weather_API_To_Validate_JSON_Response_body" tests="1" failures="0" timestamp="24 Apr 2021 15:25:00 GMT" time="1.156" errors="0">
  <testcase name="getweatherDetails" time="1.156" classname="vikram.RestAssuredAPI.VVK005_GET_Request_Weather_API_To_Validate_JSON_Response_body"/>
</testsuite> <!-- vikram.RestAssuredAPI.VVK005_GET_Request_Weather_API_To_Validate_JSON_Response_body -->
