<?xml version="1.0" encoding="UTF-8"?>
<!-- Generated by org.testng.reporters.JUnitReportReporter -->
<testsuite skipped="0" hostname="VIKRAM-VIJAY-KADAM" name="dataDrivenTesting.DDT_AddNewEmployeeWithHardCodedData" tests="1" failures="0" timestamp="24 Apr 2021 15:25:00 GMT" time="1.631" errors="0">
  <testcase name="postNewEmployees" time="1.631" classname="dataDrivenTesting.DDT_AddNewEmployeeWithHardCodedData"/>
</testsuite> <!-- dataDrivenTesting.DDT_AddNewEmployeeWithHardCodedData -->
