<?xml version="1.0" encoding="UTF-8"?>
<!-- Generated by org.testng.reporters.JUnitReportReporter -->
<testsuite skipped="0" hostname="VIKRAM-VIJAY-KADAM" name="dataDrivenTesting.DDT_AddNewEmployeeWithTwoDimensionalArrayUsingDataProvider" tests="3" failures="0" timestamp="24 Apr 2021 15:47:23 GMT" time="5.364" errors="0">
  <testcase name="postNewEmployees" time="1.283" classname="dataDrivenTesting.DDT_AddNewEmployeeWithTwoDimensionalArrayUsingDataProvider"/>
  <testcase name="postNewEmployees" time="1.153" classname="dataDrivenTesting.DDT_AddNewEmployeeWithTwoDimensionalArrayUsingDataProvider"/>
  <testcase name="postNewEmployees" time="2.928" classname="dataDrivenTesting.DDT_AddNewEmployeeWithTwoDimensionalArrayUsingDataProvider"/>
</testsuite> <!-- dataDrivenTesting.DDT_AddNewEmployeeWithTwoDimensionalArrayUsingDataProvider -->
