<?xml version="1.0" encoding="UTF-8"?>
<!-- Generated by org.testng.reporters.JUnitReportReporter -->
<testsuite skipped="1" hostname="VIKRAM-VIJAY-KADAM" name="dataDrivenTesting.DDT_AddNewEmployeeBYReadingTheDataFromXLfile" tests="1" failures="0" timestamp="25 Apr 2021 08:37:45 GMT" time="0.000" errors="0">
  <testcase name="postNewEmployees" time="0.000" classname="dataDrivenTesting.DDT_AddNewEmployeeBYReadingTheDataFromXLfile">
    <skipped/>
  </testcase> <!-- postNewEmployees -->
</testsuite> <!-- dataDrivenTesting.DDT_AddNewEmployeeBYReadingTheDataFromXLfile -->
